Description: <short summary of the patch>
 TODO: Put a short summary on the line above and replace this paragraph
 with a longer explanation of this change. Complete the meta-information
 with other relevant fields (see below for details). To make it easier, the
 information below has been extracted from the changelog. Adjust it or drop
 it.
 .
 securityonion-elsa-extras (20131117-1ubuntu0securityonion44) precise; urgency=low
 .
   * Issue 633:	securityonion-elsa-extras: parse ssl_version and ssl_cipher out of Bro ssl.log
Author: Doug Burks <doug.burks@gmail.com>

---
The information above should follow the Patch Tagging Guidelines, please
checkout http://dep.debian.net/deps/dep3/ to learn about the format. Here
are templates for supplementary fields that you might want to add:

Origin: <vendor|upstream|other>, <url of original patch>
Bug: <url in upstream bugtracker>
Bug-Debian: http://bugs.debian.org/<bugnumber>
Bug-Ubuntu: https://launchpad.net/bugs/<bugnumber>
Forwarded: <no|not-needed|url proving that it has been forwarded>
Reviewed-By: <name and email of someone who approved the patch>
Last-Update: <YYYY-MM-DD>

--- securityonion-elsa-extras-20131117.orig/contrib/parsers/bro_ssl
+++ securityonion-elsa-extras-20131117/contrib/parsers/bro_ssl
@@ -3,7 +3,7 @@
                 <rules>
                         <rule class="18" id="18">
                                 <patterns>
-                                        <pattern>@ESTRING::|@@ESTRING::|@@ESTRING:i0:|@@ESTRING:i1:|@@ESTRING:i2:|@@ESTRING:i3:|@@ESTRING::|@@ESTRING::|@@ESTRING::|@@ESTRING:s0:|@@ESTRING::|@@ESTRING::|@@ESTRING::|@@ESTRING::|@@ESTRING::|@@ESTRING:s1:|@@ESTRING::|@@ANYSTRING::@</pattern>
+                                        <pattern>@ESTRING::|@@ESTRING::|@@ESTRING:i0:|@@ESTRING:i1:|@@ESTRING:i2:|@@ESTRING:i3:|@@ESTRING:s2:|@@ESTRING:s3:|@@ESTRING::|@@ESTRING:s0:|@@ESTRING::|@@ESTRING::|@@ESTRING::|@@ESTRING::|@@ESTRING::|@@ESTRING:s1:|@@ESTRING::|@@ANYSTRING::@</pattern>
                                 </patterns>
                                 <examples>
                                         <example>
@@ -21,6 +21,10 @@
                                                 <test_value name='s0'>urs.microsoft.com</test_value>
                                                 <!-- subject -->
                                                 <test_value name='s1'>CN=urs.microsoft.com,OU=Windows Live Operations,O=Microsoft Corporation,L=Redmond,ST=Washington,C=US        CN=Microsoft Online Services GFS CA2,OU=GFS,O=Microsoft Corporation,L=Redmond,ST=Washington,C=US</test_value>
+                                                <!-- ssl_version -->
+                                                <test_value name='s2'>TLSv10</test_value>
+                                                <!-- ssl_cipher -->
+                                                <test_value name='s3'>TLS_RSA_WITH_AES_128_CBC_SHA</test_value>
                                         </example>
                                 </examples>
                         </rule>
