Description: <short summary of the patch>
 TODO: Put a short summary on the line above and replace this paragraph
 with a longer explanation of this change. Complete the meta-information
 with other relevant fields (see below for details). To make it easier, the
 information below has been extracted from the changelog. Adjust it or drop
 it.
 .
 securityonion-elsa-extras (20131117-1ubuntu0securityonion50) precise; urgency=low
 .
   * parse Bro radius.log
Author: Doug Burks <doug.burks@gmail.com>

---
The information above should follow the Patch Tagging Guidelines, please
checkout http://dep.debian.net/deps/dep3/ to learn about the format. Here
are templates for supplementary fields that you might want to add:

Origin: <vendor|upstream|other>, <url of original patch>
Bug: <url in upstream bugtracker>
Bug-Debian: http://bugs.debian.org/<bugnumber>
Bug-Ubuntu: https://launchpad.net/bugs/<bugnumber>
Forwarded: <no|not-needed|url proving that it has been forwarded>
Reviewed-By: <name and email of someone who approved the patch>
Last-Update: <YYYY-MM-DD>

--- securityonion-elsa-extras-20131117.orig/contrib/securityonion_parsers_sql.sh
+++ securityonion-elsa-extras-20131117/contrib/securityonion_parsers_sql.sh
@@ -178,7 +178,6 @@ mysql -u$MYSQL_ROOT_USER $MYSQL_PASS_SWI
 mysql -u$MYSQL_ROOT_USER $MYSQL_PASS_SWITCH $MYSQL_NODE_DB -e 'INSERT IGNORE INTO fields_classes_map(class_id, field_id, field_order) VALUES( (SELECT id FROM classes WHERE class="BRO_SSL"), (SELECT id FROM fields WHERE field="ssl_cipher"), 14);'
 
 MYSQL="mysql -u$MYSQL_ROOT_USER $MYSQL_PASS_SWITCH $MYSQL_NODE_DB -e"
-
 # Additions for Bro x509.log
 $MYSQL 'REPLACE INTO classes(id, class) VALUES(26010, "BRO_X509");'
 $MYSQL 'REPLACE INTO fields (field, field_type, pattern_type) VALUES ("cert_version", "int", "NUMBER");'
@@ -218,3 +217,18 @@ $MYSQL 'REPLACE INTO fields_classes_map(
 $MYSQL 'REPLACE INTO fields (field, field_type, pattern_type) VALUES ("up_since", "string", "QSTRING");'
 $MYSQL 'REPLACE INTO fields_classes_map(class_id, field_id, field_order) VALUES( (SELECT id FROM classes WHERE class="BRO_SNMP"), (SELECT id FROM fields WHERE field="up_since"), 15);'
 
+# Additions for Bro radius.log
+$MYSQL 'REPLACE INTO classes(id, class) VALUES(26012, "BRO_RADIUS");'
+$MYSQL 'REPLACE INTO fields_classes_map(class_id, field_id, field_order) VALUES( (SELECT id FROM classes WHERE class="BRO_RADIUS"), (SELECT id FROM fields WHERE field="srcip"), 5);'
+$MYSQL 'REPLACE INTO fields_classes_map(class_id, field_id, field_order) VALUES( (SELECT id FROM classes WHERE class="BRO_RADIUS"), (SELECT id FROM fields WHERE field="srcport"), 6);'
+$MYSQL 'REPLACE INTO fields_classes_map(class_id, field_id, field_order) VALUES( (SELECT id FROM classes WHERE class="BRO_RADIUS"), (SELECT id FROM fields WHERE field="dstip"), 7);'
+$MYSQL 'REPLACE INTO fields_classes_map(class_id, field_id, field_order) VALUES( (SELECT id FROM classes WHERE class="BRO_RADIUS"), (SELECT id FROM fields WHERE field="dstport"), 8);'
+$MYSQL 'REPLACE INTO fields_classes_map(class_id, field_id, field_order) VALUES( (SELECT id FROM classes WHERE class="BRO_RADIUS"), (SELECT id FROM fields WHERE field="user"), 11);'
+$MYSQL 'REPLACE INTO fields_classes_map(class_id, field_id, field_order) VALUES( (SELECT id FROM classes WHERE class="BRO_RADIUS"), (SELECT id FROM fields WHERE field="mac"), 12);'
+$MYSQL 'REPLACE INTO fields (field, field_type, pattern_type) VALUES ("remote_ip", "int", "IPv4");'
+$MYSQL 'REPLACE INTO fields_classes_map(class_id, field_id, field_order) VALUES( (SELECT id FROM classes WHERE class="BRO_RADIUS"), (SELECT id FROM fields WHERE field="remote_ip"), 9);'
+$MYSQL 'REPLACE INTO fields (field, field_type, pattern_type) VALUES ("connect_info", "string", "QSTRING");'
+$MYSQL 'REPLACE INTO fields_classes_map(class_id, field_id, field_order) VALUES( (SELECT id FROM classes WHERE class="BRO_RADIUS"), (SELECT id FROM fields WHERE field="connect_info"), 13);'
+$MYSQL 'REPLACE INTO fields (field, field_type, pattern_type) VALUES ("result", "string", "QSTRING");'
+$MYSQL 'REPLACE INTO fields_classes_map(class_id, field_id, field_order) VALUES( (SELECT id FROM classes WHERE class="BRO_RADIUS"), (SELECT id FROM fields WHERE field="result"), 14);'
+
--- securityonion-elsa-extras-20131117.orig/contrib/securityonion-syslog-ng.conf
+++ securityonion-elsa-extras-20131117/contrib/securityonion-syslog-ng.conf
@@ -48,6 +48,7 @@ source s_bro_ssh { file("/nsm/bro/logs/c
 source s_bro_intel { file("/nsm/bro/logs/current/intel.log" flags(no-parse) program_override("bro_intel")); };
 source s_bro_x509 { file("/nsm/bro/logs/current/x509.log" flags(no-parse) program_override("bro_x509")); };
 source s_bro_snmp { file("/nsm/bro/logs/current/snmp.log" flags(no-parse) program_override("bro_snmp")); };
+source s_bro_radius { file("/nsm/bro/logs/current/radius.log" flags(no-parse) program_override("bro_radius")); };
 
 destination d_elsa { program("perl /opt/elsa/node/elsa.pl -c /etc/elsa_node.conf" template(t_db_parsed)); };
 
@@ -71,6 +72,7 @@ log {
   	source(s_bro_intel); 
   	source(s_bro_x509); 
   	source(s_bro_snmp); 
+  	source(s_bro_radius); 
 	source(s_ossec);
 	source(s_network);
 	source(s_syslog);
--- securityonion-elsa-extras-20131117.orig/contrib/parsers/bro_snmp
+++ securityonion-elsa-extras-20131117/contrib/parsers/bro_snmp
@@ -3,7 +3,7 @@
                 <rules>
                         <rule class="26011" id="26011">
                                 <patterns>
-                                        <pattern>@ESTRING::|@@ESTRING::|@@IPv4:i0@|@NUMBER:i1@|@IPv4:i2@|@NUMBER:i3@|@ESTRING:s0:|@@ESTRING:s1:|@@ESTRING:s2:|@@NUMBER:i4@|@NUMBER:@|@NUMBER:i5@|@NUMBER:@|@ESTRING:s3:|@@ESTRING:s4:@</pattern>
+                                        <pattern>@ESTRING::|@@ESTRING::|@@ESTRING:i0:|@@ESTRING:i1:|@@ESTRING:i2:|@@ESTRING:i3:|@@ESTRING:s0:|@@ESTRING:s1:|@@ESTRING:s2:|@@ESTRING:i4:|@@ESTRING::|@@ESTRING:i5:|@@ESTRING::|@@ESTRING:s3:|@@ESTRING:s4:@</pattern>
                                 </patterns>
                                 <examples>
                                         <example>
--- /dev/null
+++ securityonion-elsa-extras-20131117/contrib/parsers/bro_radius
@@ -0,0 +1,33 @@
+	<ruleset>
+                <pattern>bro_radius</pattern>
+                <rules>
+                        <rule class="26012" id="26012">
+                                <patterns>
+					<pattern>@ESTRING::|@@ESTRING::|@@ESTRING:i0:|@@ESTRING:i1:|@@ESTRING:i2:|@@ESTRING:i3:|@@ESTRING:s0:|@@ESTRING:s1:|@@ESTRING:i4:|@@ESTRING:s2:|@@ESTRING:s3:@</pattern>
+                                </patterns>
+                                <examples>
+                                        <example>
+						<test_message program='bro_radius'>MESSAGE=1416329517.552658|CMi27H1K0v5bex0dwf|10.0.0.1|1645|10.0.0.100|1812|John.McGuirk|00:14:22:e9:54:5e|-|-|success</test_message>
+                                                <!-- id.orig_h -->
+                                                <test_value name='i0'>10.0.0.1</test_value>
+                                                <!-- id.orig_p -->
+                                                <test_value name='i1'>1645</test_value>
+                                                <!-- id.resp_h -->
+                                                <test_value name='i2'>10.0.0.100</test_value>
+                                                <!-- id.resp_p -->
+                                                <test_value name='i3'>1812</test_value>
+                                                <!-- username -->
+                                                <test_value name='s0'>John.McGuirk</test_value>
+                                                <!-- mac -->
+                                                <test_value name='s1'>00:14:22:e9:54:5e</test_value>
+                                                <!-- remote_ip -->
+                                                <test_value name='i4'>-</test_value>
+                                                <!-- connect_info -->
+                                                <test_value name='s2'>-</test_value>
+                                                <!-- result -->
+                                                <test_value name='s3'>success</test_value>
+                                        </example>
+                                </examples>
+                        </rule>
+                </rules>
+        </ruleset>
--- securityonion-elsa-extras-20131117.orig/contrib/parsers/bro_x509
+++ securityonion-elsa-extras-20131117/contrib/parsers/bro_x509
@@ -3,7 +3,7 @@
                 <rules>
                         <rule class="26010" id="26010">
                                 <patterns>
-                                        <pattern>@ESTRING::|@@ESTRING::|@@NUMBER:i0@|@ESTRING:s0:|@@ESTRING:s1:|@@ESTRING:s2:|@@ESTRING::|@@ESTRING::|@@ESTRING:s3:|@@ESTRING:s4:|@@ESTRING:s5:|@@NUMBER:i1@|@ESTRING::|@@ESTRING::|@@ANYSTRING::@</pattern>
+                                        <pattern>@ESTRING::|@@ESTRING::|@@ESTRING:i0:|@@ESTRING:s0:|@@ESTRING:s1:|@@ESTRING:s2:|@@ESTRING::|@@ESTRING::|@@ESTRING:s3:|@@ESTRING:s4:|@@ESTRING:s5:|@@ESTRING:i1:|@@ESTRING::|@@ESTRING::|@@ANYSTRING::@</pattern>
                                 </patterns>
                                 <examples>
                                         <example>
