Description: <short summary of the patch>
 TODO: Put a short summary on the line above and replace this paragraph
 with a longer explanation of this change. Complete the meta-information
 with other relevant fields (see below for details). To make it easier, the
 information below has been extracted from the changelog. Adjust it or drop
 it.
 .
 securityonion-elsa-extras (20131117-1ubuntu0securityonion47) precise; urgency=low
 .
   * update syslog-ng.conf to monitor x509.log
Author: Doug Burks <doug.burks@gmail.com>

---
The information above should follow the Patch Tagging Guidelines, please
checkout http://dep.debian.net/deps/dep3/ to learn about the format. Here
are templates for supplementary fields that you might want to add:

Origin: <vendor|upstream|other>, <url of original patch>
Bug: <url in upstream bugtracker>
Bug-Debian: http://bugs.debian.org/<bugnumber>
Bug-Ubuntu: https://launchpad.net/bugs/<bugnumber>
Forwarded: <no|not-needed|url proving that it has been forwarded>
Reviewed-By: <name and email of someone who approved the patch>
Last-Update: <YYYY-MM-DD>

--- securityonion-elsa-extras-20131117.orig/contrib/securityonion-syslog-ng.conf
+++ securityonion-elsa-extras-20131117/contrib/securityonion-syslog-ng.conf
@@ -46,6 +46,7 @@ source s_bro_software { file("/nsm/bro/l
 source s_bro_irc { file("/nsm/bro/logs/current/irc.log" flags(no-parse) program_override("bro_irc")); };
 source s_bro_ssh { file("/nsm/bro/logs/current/ssh.log" flags(no-parse) program_override("bro_ssh")); };
 source s_bro_intel { file("/nsm/bro/logs/current/intel.log" flags(no-parse) program_override("bro_intel")); };
+source s_bro_x509 { file("/nsm/bro/logs/current/x509.log" flags(no-parse) program_override("bro_x509")); };
 
 destination d_elsa { program("perl /opt/elsa/node/elsa.pl -c /etc/elsa_node.conf" template(t_db_parsed)); };
 
@@ -67,6 +68,7 @@ log {
 	source(s_bro_software);    
   	source(s_bro_ssh); 
   	source(s_bro_intel); 
+  	source(s_bro_x509); 
 	source(s_ossec);
 	source(s_network);
 	source(s_syslog);
